{"/Users/dwitmexico/Desktop/pruebas de node/services.js": {"path":"/Users/dwitmexico/Desktop/pruebas de node/services.js","statementMap":{"0":{"start":{"line":3,"column":27},"end":{"line":12,"column":1}},"1":{"start":{"line":4,"column":4},"end":{"line":11,"column":5}},"2":{"start":{"line":5,"column":25},"end":{"line":5,"column":77}},"3":{"start":{"line":7,"column":8},"end":{"line":7,"column":28}},"4":{"start":{"line":10,"column":8},"end":{"line":10,"column":29}}},"fnMap":{"0":{"name":"(anonymous_0)","decl":{"start":{"line":3,"column":27},"end":{"line":3,"column":28}},"loc":{"start":{"line":3,"column":38},"end":{"line":12,"column":1}},"line":3}},"branchMap":{},"s":{"0":1,"1":2,"2":2,"3":2,"4":0},"f":{"0":2},"b":{},"_coverageSchema":"1a1c01bbd47fc00a2c39e90264f33305004495a9","hash":"d7e201f7ccbd7d229224194adbfc2dcc87d7d90c"}
}
